Using pre-set license

 COMMAND LINE ARGUMENTS:
/Applications/Unity/Hub/Editor/2021.1.0b1/Unity.app/Contents/MacOS/Unity
-adb2
-batchMode
-noUpm
-name
AssetImportWorker0
-projectPath
/Users/rickydaricky/Documents/GitHub/Unity-Projects/RollerMadness
-logFile
Logs/AssetImportWorker0.log
-srvPort
55095
Successfully changed project path to: /Users/rickydaricky/Documents/GitHub/Unity-Projects/RollerMadness
/Users/rickydaricky/Documents/GitHub/Unity-Projects/RollerMadness
Using Asset Import Pipeline V2.
Refreshing native plugins compatible for Editor in 33.79 ms, found 1 plugins.
Preloading 0 native plugins for Editor in 0.00 ms.
Initialize engine version: 2021.1.0b1 (9f7c487dd2da)
[Subsystems] Discovering subsystems at path /Applications/Unity/Hub/Editor/2021.1.0b1/Unity.app/Contents/Resources/UnitySubsystems
[Subsystems] Discovering subsystems at path /Users/rickydaricky/Documents/GitHub/Unity-Projects/RollerMadness/Assets
GfxDevice: creating device client; threaded=0; jobified=0
2021-02-13 11:23:37.465 Unity[15333:9895638] Color LCD preferred device: AMD Radeon Pro 5500M (high power)
2021-02-13 11:23:37.465 Unity[15333:9895638] Metal devices available: 2
2021-02-13 11:23:37.465 Unity[15333:9895638] 0: AMD Radeon Pro 5500M (high power)
2021-02-13 11:23:37.465 Unity[15333:9895638] 1: Intel(R) UHD Graphics 630 (low power)
2021-02-13 11:23:37.466 Unity[15333:9895638] Using device AMD Radeon Pro 5500M (high power)
Initializing Metal device caps: AMD Radeon Pro 5500M
Initialize mono
Mono path[0] = '/Applications/Unity/Hub/Editor/2021.1.0b1/Unity.app/Contents/Managed'
Mono path[1] = '/Applications/Unity/Hub/Editor/2021.1.0b1/Unity.app/Contents/MonoBleedingEdge/lib/mono/unityjit'
Mono config path = '/Applications/Unity/Hub/Editor/2021.1.0b1/Unity.app/Contents/MonoBleedingEdge/etc'
Using monoOptions --debugger-agent=transport=dt_socket,embedding=1,server=y,suspend=n,address=127.0.0.1:56333
Begin MonoManager ReloadAssembly
Registering precompiled unity dll's ...
Register platform support module: /Applications/Unity/Hub/Editor/2021.1.0b1/PlaybackEngines/WebGLSupport/UnityEditor.WebGL.Extensions.dll
Register platform support module: /Applications/Unity/Hub/Editor/2021.1.0b1/Unity.app/Contents/PlaybackEngines/MacStandaloneSupport/UnityEditor.OSXStandalone.Extensions.dll
Register platform support module: /Applications/Unity/Hub/Editor/2021.1.0b1/PlaybackEngines/WindowsStandaloneSupport/UnityEditor.WindowsStandalone.Extensions.dll
Registered in 0.000786 seconds.
Native extension for WindowsStandalone target not found
Native extension for OSXStandalone target not found
Native extension for WebGL target not found
Refreshing native plugins compatible for Editor in 37.60 ms, found 1 plugins.
Preloading 0 native plugins for Editor in 0.00 ms.
Mono: successfully reloaded assembly
- Completed reload, in  3.799 seconds
Platform modules already initialized, skipping
Registering precompiled user dll's ...
Registered in 0.000463 seconds.
Begin MonoManager ReloadAssembly
Native extension for WindowsStandalone target not found
Native extension for OSXStandalone target not found
Native extension for WebGL target not found
Refreshing native plugins compatible for Editor in 0.28 ms, found 1 plugins.
Preloading 0 native plugins for Editor in 0.00 ms.
Mono: successfully reloaded assembly
- Completed reload, in  1.096 seconds
Platform modules already initialized, skipping
========================================================================
Worker process is ready to serve import requests
Launching external process: /Applications/Unity/Hub/Editor/2021.1.0b1/Unity.app/Contents/Tools/UnityShaderCompiler
Launched and connected shader compiler UnityShaderCompiler after 0.03 seconds
Refreshing native plugins compatible for Editor in 0.28 ms, found 1 plugins.
Preloading 0 native plugins for Editor in 0.00 ms.
Unloading 1272 Unused Serialized files (Serialized files now loaded: 0)
System memory in use before: 268.9 MB.
System memory in use after: 268.5 MB.

Unloading 11 unused Assets to reduce memory usage. Loaded Objects now: 1734.
Total: 1.950087 ms (FindLiveObjects: 0.124312 ms CreateObjectMapping: 0.041153 ms MarkObjects: 1.512897 ms  DeleteObjects: 0.270930 ms)

========================================================================
Received Import Request.
  path: Assets/Standard Assets/Characters/RollerBall/Scripts/BallUserControl.cs
  artifactKey: Guid(daa7e0829bc72c94babd728cc0466196) Importer(815301076,1909f56bfc062723c751e8b465ee728b)
Start importing Assets/Standard Assets/Characters/RollerBall/Scripts/BallUserControl.cs using Guid(daa7e0829bc72c94babd728cc0466196) Importer(815301076,1909f56bfc062723c751e8b465ee728b)  -> (artifact id: '266783f773ead2f6405ad207dbc0e183') in 3.223271 seconds 
========================================================================
Received Import Request.
  Time since last request: 0.024817 seconds.
  path: Assets/Standard Assets/Characters/RollerBall/Scripts/Ball.cs
  artifactKey: Guid(e004fefca5c7ba44d9c5ffd46fdee2ed) Importer(815301076,1909f56bfc062723c751e8b465ee728b)
Start importing Assets/Standard Assets/Characters/RollerBall/Scripts/Ball.cs using Guid(e004fefca5c7ba44d9c5ffd46fdee2ed) Importer(815301076,1909f56bfc062723c751e8b465ee728b)  -> (artifact id: '40642f8ce64c540a03defb80cb401b18') in 0.002220 seconds 
========================================================================
Received Import Request.
  Time since last request: 68.770122 seconds.
  path: Assets/Standard Assets/PhysicsMaterials/Bouncy Random.physicMaterial
  artifactKey: Guid(ff74dd1d638dd46969974653ed940239) Importer(815301076,1909f56bfc062723c751e8b465ee728b)
Start importing Assets/Standard Assets/PhysicsMaterials/Bouncy Random.physicMaterial using Guid(ff74dd1d638dd46969974653ed940239) Importer(815301076,1909f56bfc062723c751e8b465ee728b)  -> (artifact id: 'e86213e0b48caa18bb14f937d31991aa') in 1.418760 seconds 
